2025-11-04 21:32:53 INFO     Finished wandb init.
2025-11-04 21:32:53 INFO     Initializing Llama judge model: Meta-Llama-3-70B
Traceback (most recent call last):
  File "C:\Users\nikos\anaconda3\envs\nllSAR\Lib\site-packages\huggingface_hub\utils\_http.py", line 409, in hf_raise_for_status
    response.raise_for_status()
  File "C:\Users\nikos\anaconda3\envs\nllSAR\Lib\site-packages\requests\models.py", line 1024, in raise_for_status
    raise HTTPError(http_error_msg, response=self)
requests.exceptions.HTTPError: 401 Client Error: Unauthorized for url: https://huggingface.co/meta-llama/Meta-Llama-3-70B/resolve/main/config.json

The above exception was the direct cause of the following exception:

Traceback (most recent call last):
  File "C:\Users\nikos\anaconda3\envs\nllSAR\Lib\site-packages\transformers\utils\hub.py", line 403, in cached_file
    resolved_file = hf_hub_download(
                    ^^^^^^^^^^^^^^^^
  File "C:\Users\nikos\anaconda3\envs\nllSAR\Lib\site-packages\huggingface_hub\utils\_validators.py", line 114, in _inner_fn
    return fn(*args, **kwargs)
           ^^^^^^^^^^^^^^^^^^^
  File "C:\Users\nikos\anaconda3\envs\nllSAR\Lib\site-packages\huggingface_hub\file_download.py", line 961, in hf_hub_download
    return _hf_hub_download_to_cache_dir(
           ^^^^^^^^^^^^^^^^^^^^^^^^^^^^^^
  File "C:\Users\nikos\anaconda3\envs\nllSAR\Lib\site-packages\huggingface_hub\file_download.py", line 1068, in _hf_hub_download_to_cache_dir
    _raise_on_head_call_error(head_call_error, force_download, local_files_only)
  File "C:\Users\nikos\anaconda3\envs\nllSAR\Lib\site-packages\huggingface_hub\file_download.py", line 1596, in _raise_on_head_call_error
    raise head_call_error
  File "C:\Users\nikos\anaconda3\envs\nllSAR\Lib\site-packages\huggingface_hub\file_download.py", line 1484, in _get_metadata_or_catch_error
    metadata = get_hf_file_metadata(
               ^^^^^^^^^^^^^^^^^^^^^
  File "C:\Users\nikos\anaconda3\envs\nllSAR\Lib\site-packages\huggingface_hub\utils\_validators.py", line 114, in _inner_fn
    return fn(*args, **kwargs)
           ^^^^^^^^^^^^^^^^^^^
  File "C:\Users\nikos\anaconda3\envs\nllSAR\Lib\site-packages\huggingface_hub\file_download.py", line 1401, in get_hf_file_metadata
    r = _request_wrapper(
        ^^^^^^^^^^^^^^^^^
  File "C:\Users\nikos\anaconda3\envs\nllSAR\Lib\site-packages\huggingface_hub\file_download.py", line 285, in _request_wrapper
    response = _request_wrapper(
               ^^^^^^^^^^^^^^^^^
  File "C:\Users\nikos\anaconda3\envs\nllSAR\Lib\site-packages\huggingface_hub\file_download.py", line 309, in _request_wrapper
    hf_raise_for_status(response)
  File "C:\Users\nikos\anaconda3\envs\nllSAR\Lib\site-packages\huggingface_hub\utils\_http.py", line 482, in hf_raise_for_status
    raise _format(HfHubHTTPError, str(e), response) from e
huggingface_hub.errors.HfHubHTTPError: 401 Client Error: Unauthorized for url: https://huggingface.co/meta-llama/Meta-Llama-3-70B/resolve/main/config.json (Request ID: Root=1-690a62f4-4c6f007e5fb294af5b271e93;b34e5495-d899-4481-be30-5105c87d0925)

Invalid credentials in Authorization header

During handling of the above exception, another exception occurred:

Traceback (most recent call last):
  File "C:\Users\nikos\PycharmProjects\nllSAR\src\generate_answers.py", line 275, in <module>
    main(args)
  File "C:\Users\nikos\PycharmProjects\nllSAR\src\generate_answers.py", line 57, in main
    metric = utils.get_metric(args.metric)
             ^^^^^^^^^^^^^^^^^^^^^^^^^^^^^
  File "C:\Users\nikos\PycharmProjects\nllSAR\src\utils\utils.py", line 390, in get_metric
    metric = get_llama_metric(metric, max_new_tokens=50)
             ^^^^^^^^^^^^^^^^^^^^^^^^^^^^^^^^^^^^^^^^^^^
  File "C:\Users\nikos\PycharmProjects\nllSAR\src\utils\utils.py", line 308, in get_llama_metric
    judge_model = HuggingfaceModel(
                  ^^^^^^^^^^^^^^^^^
  File "C:\Users\nikos\PycharmProjects\nllSAR\src\models\huggingface_models.py", line 113, in __init__
    self.tokenizer = AutoTokenizer.from_pretrained(
                     ^^^^^^^^^^^^^^^^^^^^^^^^^^^^^^
  File "C:\Users\nikos\anaconda3\envs\nllSAR\Lib\site-packages\transformers\models\auto\tokenization_auto.py", line 877, in from_pretrained
    config = AutoConfig.from_pretrained(
             ^^^^^^^^^^^^^^^^^^^^^^^^^^^
  File "C:\Users\nikos\anaconda3\envs\nllSAR\Lib\site-packages\transformers\models\auto\configuration_auto.py", line 1017, in from_pretrained
    config_dict, unused_kwargs = PretrainedConfig.get_config_dict(pretrained_model_name_or_path, **kwargs)
                                 ^^^^^^^^^^^^^^^^^^^^^^^^^^^^^^^^^^^^^^^^^^^^^^^^^^^^^^^^^^^^^^^^^^^^^^^^^
  File "C:\Users\nikos\anaconda3\envs\nllSAR\Lib\site-packages\transformers\configuration_utils.py", line 574, in get_config_dict
    config_dict, kwargs = cls._get_config_dict(pretrained_model_name_or_path, **kwargs)
                          ^^^^^^^^^^^^^^^^^^^^^^^^^^^^^^^^^^^^^^^^^^^^^^^^^^^^^^^^^^^^^
  File "C:\Users\nikos\anaconda3\envs\nllSAR\Lib\site-packages\transformers\configuration_utils.py", line 633, in _get_config_dict
    resolved_config_file = cached_file(
                           ^^^^^^^^^^^^
  File "C:\Users\nikos\anaconda3\envs\nllSAR\Lib\site-packages\transformers\utils\hub.py", line 467, in cached_file
    raise EnvironmentError(f"There was a specific connection error when trying to load {path_or_repo_id}:\n{err}")
OSError: There was a specific connection error when trying to load meta-llama/Meta-Llama-3-70B:
401 Client Error: Unauthorized for url: https://huggingface.co/meta-llama/Meta-Llama-3-70B/resolve/main/config.json (Request ID: Root=1-690a62f4-4c6f007e5fb294af5b271e93;b34e5495-d899-4481-be30-5105c87d0925)

Invalid credentials in Authorization header
